<?xml version="1.0" encoding="UTF-8"?>
<!-- Generated by org.testng.reporters.JUnitXMLReporter -->
<testsuite hostname="vdama-mbp16.local" ignored="0" name="Default test" tests="4" failures="0" timestamp="16 Feb 2022 19:01:14 GMT" time="6.099" errors="0">
  <testcase name="checkContentType" time="0.005" classname="com.foxapi.testCases.TC001_Add_Place"/>
  <testcase name="checkResposeBody" time="0.007" classname="com.foxapi.testCases.TC001_Add_Place"/>
  <testcase name="checkStatusCode" time="0.001" classname="com.foxapi.testCases.TC001_Add_Place"/>
  <testcase name="checkstatusLine" time="0.001" classname="com.foxapi.testCases.TC001_Add_Place"/>
</testsuite> <!-- Default test -->
