<?xml version="1.0" encoding="UTF-8"?>
<testng-results skipped="0" failed="0" ignored="0" total="4" passed="4">
  <reporter-output>
  </reporter-output>
  <suite name="Default suite" duration-ms="6099" started-at="2022-02-16T19:01:08Z" finished-at="2022-02-16T19:01:14Z">
    <groups>
    </groups>
    <test name="Default test" duration-ms="6099" started-at="2022-02-16T19:01:08Z" finished-at="2022-02-16T19:01:14Z">
      <class name="com.foxapi.testCases.TC001_Add_Place">
        <test-method status="PASS" signature="setup()[pri:0, instance:com.foxapi.testCases.TC001_Add_Place@6193932a]" name="setup" is-config="true" duration-ms="51" started-at="2022-02-16T19:01:08Z" finished-at="2022-02-16T19:01:08Z">
          <reporter-output>
          </reporter-output>
        </test-method> <!-- setup -->
        <test-method status="PASS" signature="createPlace()[pri:0, instance:com.foxapi.testCases.TC001_Add_Place@6193932a]" name="createPlace" is-config="true" duration-ms="6017" started-at="2022-02-16T19:01:08Z" finished-at="2022-02-16T19:01:14Z">
          <reporter-output>
          </reporter-output>
        </test-method> <!-- createPlace -->
        <test-method status="PASS" signature="checkContentType()[pri:0, instance:com.foxapi.testCases.TC001_Add_Place@6193932a]" name="checkContentType" duration-ms="5" started-at="2022-02-16T19:01:14Z" finished-at="2022-02-16T19:01:14Z">
          <reporter-output>
          </reporter-output>
        </test-method> <!-- checkContentType -->
        <test-method status="PASS" signature="checkResposeBody()[pri:0, instance:com.foxapi.testCases.TC001_Add_Place@6193932a]" name="checkResposeBody" duration-ms="7" started-at="2022-02-16T19:01:14Z" finished-at="2022-02-16T19:01:14Z">
          <reporter-output>
          </reporter-output>
        </test-method> <!-- checkResposeBody -->
        <test-method status="PASS" signature="checkStatusCode()[pri:0, instance:com.foxapi.testCases.TC001_Add_Place@6193932a]" name="checkStatusCode" duration-ms="1" started-at="2022-02-16T19:01:14Z" finished-at="2022-02-16T19:01:14Z">
          <reporter-output>
          </reporter-output>
        </test-method> <!-- checkStatusCode -->
        <test-method status="PASS" signature="checkstatusLine()[pri:0, instance:com.foxapi.testCases.TC001_Add_Place@6193932a]" name="checkstatusLine" duration-ms="1" started-at="2022-02-16T19:01:14Z" finished-at="2022-02-16T19:01:14Z">
          <reporter-output>
          </reporter-output>
        </test-method> <!-- checkstatusLine -->
        <test-method status="PASS" signature="tearDown()[pri:0, instance:com.foxapi.testCases.TC001_Add_Place@6193932a]" name="tearDown" is-config="true" duration-ms="1" started-at="2022-02-16T19:01:14Z" finished-at="2022-02-16T19:01:14Z">
          <reporter-output>
          </reporter-output>
        </test-method> <!-- tearDown -->
      </class> <!-- com.foxapi.testCases.TC001_Add_Place -->
    </test> <!-- Default test -->
  </suite> <!-- Default suite -->
</testng-results>
